\BOOKMARK [1][-]{cover.1}{\376\377\134\001\227\142}{}% 1
\BOOKMARK [1][-]{cabstract.1}{\376\377\144\130\211\201}{}% 2
\BOOKMARK [1][-]{eabstract.1}{\376\377\000A\000B\000S\000T\000R\000A\000C\000T}{}% 3
\BOOKMARK [0][-]{contents.0}{\376\377\166\356\137\125}{}% 4
\BOOKMARK [1][-]{section.1}{\376\377\176\352\213\272}{contents.0}% 5
\BOOKMARK [2][-]{subsection.1.1}{\376\377\116\272\135\345\146\172\200\375}{section.1}% 6
\BOOKMARK [2][-]{subsection.1.2}{\376\377\213\355\227\363\124\010\142\020}{section.1}% 7
\BOOKMARK [2][-]{subsection.1.3}{\376\377\127\372\116\216\226\220\232\154\134\024\171\321\131\053\152\041\127\213\166\204\176\337\213\241\123\302\145\160\213\355\227\363\124\010\142\020}{section.1}% 8
\BOOKMARK [2][-]{subsection.1.4}{\376\377\147\054\145\207\176\304\176\307\176\323\147\204}{section.1}% 9
\BOOKMARK [1][-]{section.2}{\376\377\226\220\232\154\134\024\171\321\131\053\152\041\127\213}{contents.0}% 10
\BOOKMARK [2][-]{subsection.2.1}{\376\377\133\232\116\111}{section.2}% 11
\BOOKMARK [2][-]{subsection.2.2}{\376\377\147\000\117\030\162\266\140\001\136\217\122\027}{section.2}% 12
\BOOKMARK [2][-]{subsection.2.3}{\376\377\123\302\145\160\117\060\213\241}{section.2}% 13
\BOOKMARK [1][-]{section.3}{\376\377\127\372\116\216\226\220\232\154\134\024\171\321\131\053\152\041\127\213\166\204\213\355\227\363\124\010\142\020}{contents.0}% 14
\BOOKMARK [2][-]{subsection.3.1}{\376\377\123\302\145\160\165\037\142\020\173\227\154\325}{section.3}% 15
\BOOKMARK [2][-]{subsection.3.2}{\376\377\131\032\172\172\225\364\151\202\163\207\122\006\136\003}{section.3}% 16
\BOOKMARK [2][-]{subsection.3.3}{\376\377\121\263\173\126\150\021\116\012\116\013\145\207\200\132\174\173}{section.3}% 17
\BOOKMARK [1][-]{section.4}{\376\377\213\364\213\335\116\272\201\352\220\002\136\224}{contents.0}% 18
\BOOKMARK [2][-]{subsection.4.1}{\376\377\000M\000L\000L\000R\000\040\220\002\136\224}{section.4}% 19
\BOOKMARK [2][-]{subsection.4.2}{\376\377\000T\000y\000i\000n\000g\000\040\000T\000r\000a\000n\000s\000f\000o\000r\000m\000a\000t\000i\000o\000n\000\040\000M\000a\000t\000r\000i\000c\000e\000s}{section.4}% 20
\BOOKMARK [1][-]{section.5}{\376\377\000S\000p\000e\000a\000k\000e\000r\000\040\000A\000d\000a\000p\000t\000i\000v\000e\000\040\000T\000r\000a\000i\000n\000n\000g}{contents.0}% 21
\BOOKMARK [2][-]{subsection.5.1}{\376\377\000A\000v\000e\000r\000a\000g\000e\000\040\000V\000o\000i\000c\000e\000\040\000M\000o\000d\000e\000l\000\040\000T\000r\000a\000i\000n\000i\000n\000g}{section.5}% 22
\BOOKMARK [1][-]{section.6}{\376\377\213\364\213\335\116\272\155\367\144\055}{contents.0}% 23
\BOOKMARK [2][-]{subsection.6.1}{\376\377\173\054\116\214\202\202\000\040\173\054\116\000\134\017\202\202}{section.6}% 24
\BOOKMARK [2][-]{subsection.6.2}{\376\377\173\054\116\214\202\202\000\040\173\054\116\214\134\017\202\202}{section.6}% 25
\BOOKMARK [1][-]{section*.3}{\376\377\123\302\200\003\145\207\163\056}{contents.0}% 26
\BOOKMARK [1][-]{section*.4}{\376\377\201\364\214\042}{contents.0}% 27
\BOOKMARK [1][-]{appendix.A}{\376\377\226\104\137\125\116\000}{contents.0}% 28
\BOOKMARK [2][-]{subsection.A.1}{\376\377\226\104\137\125\000\040\0001\000.\0001}{appendix.A}% 29
